<?xml version="1.0" encoding="UTF-8"?>
<!-- Generated by org.testng.reporters.JUnitReportReporter -->
<testsuite skipped="0" hostname="DESKTOP-K9EHMR9" name="TestCases.Sc_02_TvSelection" tests="1" failures="0" timestamp="2020-12-17T14:24:01 IST" time="77.310" errors="0">
  <testcase name="TvPurchasing" time="77.310" classname="TestCases.Sc_02_TvSelection"/>
  <system-out/>
</testsuite> <!-- TestCases.Sc_02_TvSelection -->
